# JRE version: OpenJDK Runtime Environment (7.0_79-b14) (build 1.7.0_79-b14)
# Java VM: OpenJDK 64-Bit Server VM (24.79-b02 mixed mode linux-amd64 compressed oops)
Heap
 PSYoungGen      total 51200K, used 2016K [0x00000000f0600000, 0x00000000f3a00000, 0x0000000100000000)
  eden space 49152K, 0% used [0x00000000f0600000,0x00000000f0600000,0x00000000f3600000)
  from space 2048K, 98% used [0x00000000f3600000,0x00000000f37f8010,0x00000000f3800000)
  to   space 2048K, 0% used [0x00000000f3800000,0x00000000f3800000,0x00000000f3a00000)
 ParOldGen       total 31744K, used 8160K [0x00000000d1200000, 0x00000000d3100000, 0x00000000f0600000)
  object space 31744K, 25% used [0x00000000d1200000,0x00000000d19f8208,0x00000000d3100000)
 PSPermGen       total 21504K, used 18316K [0x00000000c6c00000, 0x00000000c8100000, 0x00000000d1200000)
  object space 21504K, 85% used [0x00000000c6c00000,0x00000000c7de31b8,0x00000000c8100000)
GC Heap History (9 events):
Event: 0.595 GC heap before
{Heap before GC invocations=1 (full 0):
 PSYoungGen      total 14336K, used 12288K [0x00000000f0600000, 0x00000000f1600000, 0x0000000100000000)
  eden space 12288K, 100% used [0x00000000f0600000,0x00000000f1200000,0x00000000f1200000)
  from space 2048K, 0% used [0x00000000f1400000,0x00000000f1400000,0x00000000f1600000)
  to   space 2048K, 0% used [0x00000000f1200000,0x00000000f1200000,0x00000000f1400000)
 ParOldGen       total 31744K, used 0K [0x00000000d1200000, 0x00000000d3100000, 0x00000000f0600000)
  object space 31744K, 0% used [0x00000000d1200000,0x00000000d1200000,0x00000000d3100000)
 PSPermGen       total 21504K, used 6194K [0x00000000c6c00000, 0x00000000c8100000, 0x00000000d1200000)
  object space 21504K, 28% used [0x00000000c6c00000,0x00000000c720c898,0x00000000c8100000)
Event: 0.604 GC heap after
Heap after GC invocations=1 (full 0):
 PSYoungGen      total 14336K, used 2047K [0x00000000f0600000, 0x00000000f2200000, 0x0000000100000000)
  eden space 12288K, 0% used [0x00000000f0600000,0x00000000f0600000,0x00000000f1200000)
  from space 2048K, 99% used [0x00000000f1200000,0x00000000f13ffff8,0x00000000f1400000)
  to   space 2048K, 0% used [0x00000000f2000000,0x00000000f2000000,0x00000000f2200000)
 ParOldGen       total 31744K, used 612K [0x00000000d1200000, 0x00000000d3100000, 0x00000000f0600000)
  object space 31744K, 1% used [0x00000000d1200000,0x00000000d12993e8,0x00000000d3100000)
 PSPermGen       total 21504K, used 6194K [0x00000000c6c00000, 0x00000000c8100000, 0x00000000d1200000)
  object space 21504K, 28% used [0x00000000c6c00000,0x00000000c720c898,0x00000000c8100000)
}
Event: 1.045 GC heap before
{Heap before GC invocations=2 (full 0):
 PSYoungGen      total 14336K, used 14335K [0x00000000f0600000, 0x00000000f2200000, 0x0000000100000000)
  eden space 12288K, 100% used [0x00000000f0600000,0x00000000f1200000,0x00000000f1200000)
  from space 2048K, 99% used [0x00000000f1200000,0x00000000f13ffff8,0x00000000f1400000)
  to   space 2048K, 0% used [0x00000000f2000000,0x00000000f2000000,0x00000000f2200000)
 ParOldGen       total 31744K, used 612K [0x00000000d1200000, 0x00000000d3100000, 0x00000000f0600000)
  object space 31744K, 1% used [0x00000000d1200000,0x00000000d12993e8,0x00000000d3100000)
 PSPermGen       total 21504K, used 8685K [0x00000000c6c00000, 0x00000000c8100000, 0x00000000d1200000)
  object space 21504K, 40% used [0x00000000c6c00000,0x00000000c747b780,0x00000000c8100000)
Event: 1.068 GC heap after
Heap after GC invocations=2 (full 0):
 PSYoungGen      total 26624K, used 2035K [0x00000000f0600000, 0x00000000f2200000, 0x0000000100000000)
  eden space 24576K, 0% used [0x00000000f0600000,0x00000000f0600000,0x00000000f1e00000)
  from space 2048K, 99% used [0x00000000f2000000,0x00000000f21fcf70,0x00000000f2200000)
  to   space 2048K, 0% used [0x00000000f1e00000,0x00000000f1e00000,0x00000000f2000000)
 ParOldGen       total 31744K, used 1079K [0x00000000d1200000, 0x00000000d3100000, 0x00000000f0600000)
  object space 31744K, 3% used [0x00000000d1200000,0x00000000d130de80,0x00000000d3100000)
 PSPermGen       total 21504K, used 8685K [0x00000000c6c00000, 0x00000000c8100000, 0x00000000d1200000)
  object space 21504K, 40% used [0x00000000c6c00000,0x00000000c747b780,0x00000000c8100000)
}
Event: 2.375 GC heap before
{Heap before GC invocations=3 (full 0):
 PSYoungGen      total 26624K, used 26611K [0x00000000f0600000, 0x00000000f2200000, 0x0000000100000000)
  eden space 24576K, 100% used [0x00000000f0600000,0x00000000f1e00000,0x00000000f1e00000)
  from space 2048K, 99% used [0x00000000f2000000,0x00000000f21fcf70,0x00000000f2200000)
  to   space 2048K, 0% used [0x00000000f1e00000,0x00000000f1e00000,0x00000000f2000000)
 ParOldGen       total 31744K, used 1079K [0x00000000d1200000, 0x00000000d3100000, 0x00000000f0600000)
  object space 31744K, 3% used [0x00000000d1200000,0x00000000d130de80,0x00000000d3100000)
 PSPermGen       total 21504K, used 14334K [0x00000000c6c00000, 0x00000000c8100000, 0x00000000d1200000)
  object space 21504K, 66% used [0x00000000c6c00000,0x00000000c79ff8a8,0x00000000c8100000)
Event: 2.390 GC heap after
Heap after GC invocations=3 (full 0):
 PSYoungGen      total 26624K, used 2048K [0x00000000f0600000, 0x00000000f3a00000, 0x0000000100000000)
  eden space 24576K, 0% used [0x00000000f0600000,0x00000000f0600000,0x00000000f1e00000)
  from space 2048K, 100% used [0x00000000f1e00000,0x00000000f2000000,0x00000000f2000000)
  to   space 2048K, 0% used [0x00000000f3800000,0x00000000f3800000,0x00000000f3a00000)
 ParOldGen       total 31744K, used 5590K [0x00000000d1200000, 0x00000000d3100000, 0x00000000f0600000)
  object space 31744K, 17% used [0x00000000d1200000,0x00000000d1775bf0,0x00000000d3100000)
 PSPermGen       total 21504K, used 14334K [0x00000000c6c00000, 0x00000000c8100000, 0x00000000d1200000)
  object space 21504K, 66% used [0x00000000c6c00000,0x00000000c79ff8a8,0x00000000c8100000)
}
Event: 4.210 GC heap before
{Heap before GC invocations=4 (full 0):
 PSYoungGen      total 26624K, used 26624K [0x00000000f0600000, 0x00000000f3a00000, 0x0000000100000000)
  eden space 24576K, 100% used [0x00000000f0600000,0x00000000f1e00000,0x00000000f1e00000)
  from space 2048K, 100% used [0x00000000f1e00000,0x00000000f2000000,0x00000000f2000000)
  to   space 2048K, 0% used [0x00000000f3800000,0x00000000f3800000,0x00000000f3a00000)
 ParOldGen       total 31744K, used 5590K [0x00000000d1200000, 0x00000000d3100000, 0x00000000f0600000)
  object space 31744K, 17% used [0x00000000d1200000,0x00000000d1775bf0,0x00000000d3100000)
 PSPermGen       total 21504K, used 17737K [0x00000000c6c00000, 0x00000000c8100000, 0x00000000d1200000)
  object space 21504K, 82% used [0x00000000c6c00000,0x00000000c7d524d8,0x00000000c8100000)
Event: 4.250 GC heap after
Heap after GC invocations=4 (full 0):
 PSYoungGen      total 51200K, used 2032K [0x00000000f0600000, 0x00000000f3a00000, 0x0000000100000000)
  eden space 49152K, 0% used [0x00000000f0600000,0x00000000f0600000,0x00000000f3600000)
  from space 2048K, 99% used [0x00000000f3800000,0x00000000f39fc010,0x00000000f3a00000)
  to   space 2048K, 0% used [0x00000000f3600000,0x00000000f3600000,0x00000000f3800000)
 ParOldGen       total 31744K, used 7714K [0x00000000d1200000, 0x00000000d3100000, 0x00000000f0600000)
  object space 31744K, 24% used [0x00000000d1200000,0x00000000d1988900,0x00000000d3100000)
 PSPermGen       total 21504K, used 17737K [0x00000000c6c00000, 0x00000000c8100000, 0x00000000d1200000)
  object space 21504K, 82% used [0x00000000c6c00000,0x00000000c7d524d8,0x00000000c8100000)
}
Event: 34.161 GC heap before
{Heap before GC invocations=5 (full 0):
 PSYoungGen      total 51200K, used 51184K [0x00000000f0600000, 0x00000000f3a00000, 0x0000000100000000)
  eden space 49152K, 100% used [0x00000000f0600000,0x00000000f3600000,0x00000000f3600000)
  from space 2048K, 99% used [0x00000000f3800000,0x00000000f39fc010,0x00000000f3a00000)
  to   space 2048K, 0% used [0x00000000f3600000,0x00000000f3600000,0x00000000f3800000)
 ParOldGen       total 31744K, used 7714K [0x00000000d1200000, 0x00000000d3100000, 0x00000000f0600000)
  object space 31744K, 24% used [0x00000000d1200000,0x00000000d1988900,0x00000000d3100000)
 PSPermGen       total 21504K, used 18316K [0x00000000c6c00000, 0x00000000c8100000, 0x00000000d1200000)
  object space 21504K, 85% used [0x00000000c6c00000,0x00000000c7de31b8,0x00000000c8100000)

